This is pdfTeX, Version 3.1415926-2.5-1.40.14 (TeX Live 2013) (format=pdflatex 2013.5.30)  24 NOV 2013 14:35
entering extended mode
 restricted \write18 enabled.
 %&-line parsing enabled.
**proj3-design.tex
(./proj3-design.tex
LaTeX2e <2011/06/27>
Babel <3.9f> and hyphenation patterns for 78 languages loaded.
(/usr/local/texlive/2013/texmf-dist/tex/latex/base/article.cls
Document Class: article 2007/10/19 v1.4h Standard LaTeX document class
(/usr/local/texlive/2013/texmf-dist/tex/latex/base/size10.clo
File: size10.clo 2007/10/19 v1.4h Standard LaTeX file (size option)
)
\c@part=\count79
\c@section=\count80
\c@subsection=\count81
\c@subsubsection=\count82
\c@paragraph=\count83
\c@subparagraph=\count84
\c@figure=\count85
\c@table=\count86
\abovecaptionskip=\skip41
\belowcaptionskip=\skip42
\bibindent=\dimen102
)
(/usr/local/texlive/2013/texmf-dist/tex/latex/geometry/geometry.sty
Package: geometry 2010/09/12 v5.6 Page Geometry

(/usr/local/texlive/2013/texmf-dist/tex/latex/graphics/keyval.sty
Package: keyval 1999/03/16 v1.13 key=value parser (DPC)
\KV@toks@=\toks14
)
(/usr/local/texlive/2013/texmf-dist/tex/generic/oberdiek/ifpdf.sty
Package: ifpdf 2011/01/30 v2.3 Provides the ifpdf switch (HO)
Package ifpdf Info: pdfTeX in PDF mode is detected.
)
(/usr/local/texlive/2013/texmf-dist/tex/generic/oberdiek/ifvtex.sty
Package: ifvtex 2010/03/01 v1.5 Detect VTeX and its facilities (HO)
Package ifvtex Info: VTeX not detected.
)
(/usr/local/texlive/2013/texmf-dist/tex/generic/ifxetex/ifxetex.sty
Package: ifxetex 2010/09/12 v0.6 Provides ifxetex conditional
)
\Gm@cnth=\count87
\Gm@cntv=\count88
\c@Gm@tempcnt=\count89
\Gm@bindingoffset=\dimen103
\Gm@wd@mp=\dimen104
\Gm@odd@mp=\dimen105
\Gm@even@mp=\dimen106
\Gm@layoutwidth=\dimen107
\Gm@layoutheight=\dimen108
\Gm@layouthoffset=\dimen109
\Gm@layoutvoffset=\dimen110
\Gm@dimlist=\toks15
)
(./proj3-design.aux)
\openout1 = `proj3-design.aux'.

LaTeX Font Info:    Checking defaults for OML/cmm/m/it on input line 5.
LaTeX Font Info:    ... okay on input line 5.
LaTeX Font Info:    Checking defaults for T1/cmr/m/n on input line 5.
LaTeX Font Info:    ... okay on input line 5.
LaTeX Font Info:    Checking defaults for OT1/cmr/m/n on input line 5.
LaTeX Font Info:    ... okay on input line 5.
LaTeX Font Info:    Checking defaults for OMS/cmsy/m/n on input line 5.
LaTeX Font Info:    ... okay on input line 5.
LaTeX Font Info:    Checking defaults for OMX/cmex/m/n on input line 5.
LaTeX Font Info:    ... okay on input line 5.
LaTeX Font Info:    Checking defaults for U/cmr/m/n on input line 5.
LaTeX Font Info:    ... okay on input line 5.

*geometry* driver: auto-detecting
*geometry* detected driver: pdftex
*geometry* verbose mode - [ preamble ] result:
* driver: pdftex
* paper: <default>
* layout: <same size as paper>
* layoutoffset:(h,v)=(0.0pt,0.0pt)
* modes: 
* h-part:(L,W,R)=(72.26999pt, 469.75502pt, 72.26999pt)
* v-part:(T,H,B)=(72.26999pt, 650.43001pt, 72.26999pt)
* \paperwidth=614.295pt
* \paperheight=794.96999pt
* \textwidth=469.75502pt
* \textheight=650.43001pt
* \oddsidemargin=0.0pt
* \evensidemargin=0.0pt
* \topmargin=-37.0pt
* \headheight=12.0pt
* \headsep=25.0pt
* \topskip=10.0pt
* \footskip=30.0pt
* \marginparwidth=65.0pt
* \marginparsep=11.0pt
* \columnsep=10.0pt
* \skip\footins=9.0pt plus 4.0pt minus 2.0pt
* \hoffset=0.0pt
* \voffset=0.0pt
* \mag=1000
* \@twocolumnfalse
* \@twosidefalse
* \@mparswitchfalse
* \@reversemarginfalse
* (1in=72.27pt=25.4mm, 1cm=28.453pt)

LaTeX Font Info:    External font `cmex10' loaded for size
(Font)              <12> on input line 10.
LaTeX Font Info:    External font `cmex10' loaded for size
(Font)              <8> on input line 10.
LaTeX Font Info:    External font `cmex10' loaded for size
(Font)              <6> on input line 10.
LaTeX Font Info:    Try loading font information for OMS+cmr on input line 15.
(/usr/local/texlive/2013/texmf-dist/tex/latex/base/omscmr.fd
File: omscmr.fd 1999/05/25 v2.5h Standard LaTeX font definitions
)
LaTeX Font Info:    Font shape `OMS/cmr/m/n' in size <10> not available
(Font)              Font shape `OMS/cmsy/m/n' tried instead on input line 15.
Missing character: There is no ‚ in font cmtt10!
Missing character: There is no Ä in font cmtt10!
Missing character: There is no ú in font cmtt10!
Missing character: There is no ‚ in font cmtt10!
Missing character: There is no Ä in font cmtt10!
Missing character: There is no ù in font cmtt10!
Missing character: There is no ‚ in font cmtt10!
Missing character: There is no Ä in font cmtt10!
Missing character: There is no ú in font cmtt10!
Missing character: There is no ‚ in font cmtt10!
Missing character: There is no Ä in font cmtt10!
Missing character: There is no ù in font cmtt10!
Missing character: There is no ‚ in font cmtt10!
Missing character: There is no Ä in font cmtt10!
Missing character: There is no ú in font cmtt10!
Missing character: There is no ‚ in font cmtt10!
Missing character: There is no Ä in font cmtt10!
Missing character: There is no ù in font cmtt10!
Missing character: There is no ‚ in font cmtt10!
Missing character: There is no Ä in font cmtt10!
Missing character: There is no ú in font cmtt10!
Missing character: There is no ‚ in font cmtt10!
Missing character: There is no Ä in font cmtt10!
Missing character: There is no ù in font cmtt10!
 [1

{/usr/local/texlive/2013/texmf-var/fonts/map/pdftex/updmap/pdftex.map}]
Overfull \hbox (18.49072pt too wide) in paragraph at lines 90--90
[]            \OT1/cmtt/m/n/10 this.key = ((Element)nNode).getElementsByTagName
("Key").item(0).getTextContent();[] 
 []


Overfull \hbox (18.49072pt too wide) in paragraph at lines 90--90
[]            \OT1/cmtt/m/n/10 this.key = ((Element)nNode).getElementsByTagName
("Key").item(0).getTextContent();[] 
 []


Overfull \hbox (39.49054pt too wide) in paragraph at lines 90--90
[]            \OT1/cmtt/m/n/10 this.value = ((Element)nNode).getElementsByTagNa
me("Value").item(0).getTextContent();[] 
 []


Overfull \hbox (39.49054pt too wide) in paragraph at lines 90--90
[]                \OT1/cmtt/m/n/10 this.key = ((Element)nNode).getElementsByTag
Name("Key").item(0).getTextContent();[] 
 []


Overfull \hbox (60.49036pt too wide) in paragraph at lines 90--90
[]                \OT1/cmtt/m/n/10 this.value = ((Element)nNode).getElementsByT
agName("Value").item(0).getTextContent();[] 
 []


Overfull \hbox (81.49017pt too wide) in paragraph at lines 90--90
[]                \OT1/cmtt/m/n/10 this.message = ((Element)nNode).getElementsB
yTagName("Message").item(0).getTextContent();[] 
 []


Overfull \hbox (23.74068pt too wide) in paragraph at lines 90--90
[]            \OT1/cmtt/m/n/10 throw new KVException(new KVMessage("resp", "Unk
nwon Error: msgType is unknown"));[] 
 []


Overfull \hbox (34.24059pt too wide) in paragraph at lines 90--90
[]        \OT1/cmtt/m/n/10 throw new KVException(new KVMessage("resp", "XML Err
or: Received unparseable message"));[] 
 []


Overfull \hbox (23.74068pt too wide) in paragraph at lines 90--90
[]        \OT1/cmtt/m/n/10 throw new KVException(new KVMessage("resp", "Network
 Error: Could not receive data"));[] 
 []


Overfull \hbox (34.24059pt too wide) in paragraph at lines 90--90
[]        \OT1/cmtt/m/n/10 throw new KVException(new KVMessage("resp", "XML Err
or: Received unparseable message"));[] 
 []

Missing character: There is no ‚ in font cmtt10!
Missing character: There is no Ä in font cmtt10!
Missing character: There is no ô in font cmtt10!
Missing character: There is no ‚ in font cmtt10!
Missing character: There is no Ä in font cmtt10!
Missing character: There is no ú in font cmtt10!
Missing character: There is no ‚ in font cmtt10!
Missing character: There is no Ä in font cmtt10!
Missing character: There is no ù in font cmtt10!
Missing character: There is no ‚ in font cmtt10!
Missing character: There is no Ä in font cmtt10!
Missing character: There is no ú in font cmtt10!
Missing character: There is no ‚ in font cmtt10!
Missing character: There is no Ä in font cmtt10!
Missing character: There is no ù in font cmtt10!
Missing character: There is no ‚ in font cmtt10!
Missing character: There is no Ä in font cmtt10!
Missing character: There is no ú in font cmtt10!
Missing character: There is no ‚ in font cmtt10!
Missing character: There is no Ä in font cmtt10!
Missing character: There is no ù in font cmtt10!
Missing character: There is no ‚ in font cmtt10!
Missing character: There is no Ä in font cmtt10!
Missing character: There is no ú in font cmtt10!
Missing character: There is no ‚ in font cmtt10!
Missing character: There is no Ä in font cmtt10!
Missing character: There is no ù in font cmtt10!
[2]
Missing character: There is no ‚ in font cmtt10!
Missing character: There is no Ä in font cmtt10!
Missing character: There is no ú in font cmtt10!
Missing character: There is no ‚ in font cmtt10!
Missing character: There is no Ä in font cmtt10!
Missing character: There is no ù in font cmtt10!

Overfull \hbox (23.74068pt too wide) in paragraph at lines 145--145
[]        \OT1/cmtt/m/n/10 throw new KVException(new KVMessage("resp", "Network
 Error: Could not receive data"));[] 
 []

[3] [4] [5] [6]
LaTeX Font Info:    External font `cmex10' loaded for size
(Font)              <7> on input line 341.
LaTeX Font Info:    External font `cmex10' loaded for size
(Font)              <5> on input line 341.

Overfull \hbox (32.99084pt too wide) in paragraph at lines 385--385
 []    \OT1/cmtt/m/n/10 Document doc = DocumentBuilderFactory.newInstance().new
DocumentBuilder().newDocument();[] 
 []


Overfull \hbox (48.7407pt too wide) in paragraph at lines 385--385
 []      \OT1/cmtt/m/n/10 childElement.appendChild(doc.createElement("Key").set
TextContent(key at ith iteration));[] 
 []


Overfull \hbox (64.49057pt too wide) in paragraph at lines 385--385
 []      \OT1/cmtt/m/n/10 childElement.appendChild(doc.createElement("Value").s
etTextContent(value at ith iteration);[] 
 []


Overfull \hbox (69.74052pt too wide) in paragraph at lines 385--385
 []    \OT1/cmtt/m/n/10 Create a transformer using TransformerFactory.newInstan
ce.newTransformer() called transformer;[] 
 []


Overfull \hbox (69.74052pt too wide) in paragraph at lines 385--385
 []  \OT1/cmtt/m/n/10 catch (ParserConfigurationException e){ // This could be 
thrown by the newDocumentBuilder() call[] 
 []

[7] [8] [9] [10] [11]
Overfull \hbox (81.49017pt too wide) in paragraph at lines 617--617
[]            \OT1/cmtt/m/n/10 throw new KVException(new KVMessage("resp", "Unk
nown error: invalid message type provided"));[] 
 []

[12] [13] [14] (./proj3-design.aux) ) 
Here is how much of TeX's memory you used:
 775 strings out of 493315
 10693 string characters out of 6137904
 74372 words of memory out of 5000000
 4277 multiletter control sequences out of 15000+600000
 8409 words of font info for 30 fonts, out of 8000000 for 9000
 957 hyphenation exceptions out of 8191
 23i,6n,19p,219b,247s stack positions out of 5000i,500n,10000p,200000b,80000s
</usr/local/texlive/2013/texmf-dist/fonts/
type1/public/amsfonts/cm/cmbx10.pfb></usr/local/texlive/2013/texmf-dist/fonts/t
ype1/public/amsfonts/cm/cmbx12.pfb></usr/local/texlive/2013/texmf-dist/fonts/ty
pe1/public/amsfonts/cm/cmmi10.pfb></usr/local/texlive/2013/texmf-dist/fonts/typ
e1/public/amsfonts/cm/cmr10.pfb></usr/local/texlive/2013/texmf-dist/fonts/type1
/public/amsfonts/cm/cmr12.pfb></usr/local/texlive/2013/texmf-dist/fonts/type1/p
ublic/amsfonts/cm/cmr17.pfb></usr/local/texlive/2013/texmf-dist/fonts/type1/pub
lic/amsfonts/cm/cmsy10.pfb></usr/local/texlive/2013/texmf-dist/fonts/type1/publ
ic/amsfonts/cm/cmti10.pfb></usr/local/texlive/2013/texmf-dist/fonts/type1/publi
c/amsfonts/cm/cmtt10.pfb>
Output written on proj3-design.pdf (14 pages, 159393 bytes).
PDF statistics:
 86 PDF objects out of 1000 (max. 8388607)
 60 compressed objects within 1 object stream
 0 named destinations out of 1000 (max. 500000)
 1 words of extra memory for PDF output out of 10000 (max. 10000000)

